Determining if the pthread_create exist failed with the following output:
Change Dir: /mnt/sda1/yihongwei/DiffGT2PreForPose/cmake-build-debug/CMakeFiles/CMakeTmp

Run Build Command:"/usr/bin/make" "cmTC_8c4eb/fast"
/usr/bin/make -f CMakeFiles/cmTC_8c4eb.dir/build.make CMakeFiles/cmTC_8c4eb.dir/build
make[1]: Entering directory `/mnt/sda1/yihongwei/DiffGT2PreForPose/cmake-build-debug/CMakeFiles/CMakeTmp'
Building C object CMakeFiles/cmTC_8c4eb.dir/CheckSymbolExists.c.o
/usr/bin/cc    -fPIC    -o CMakeFiles/cmTC_8c4eb.dir/CheckSymbolExists.c.o   -c /mnt/sda1/yihongwei/DiffGT2PreForPose/cmake-build-debug/CMakeFiles/CMakeTmp/CheckSymbolExists.c
Linking C executable cmTC_8c4eb
/mnt/sda1/yhw_workspace/clion-2016.3.3/bin/cmake/bin/cmake -E cmake_link_script CMakeFiles/cmTC_8c4eb.dir/link.txt --verbose=1
/usr/bin/cc  -fPIC     CMakeFiles/cmTC_8c4eb.dir/CheckSymbolExists.c.o  -o cmTC_8c4eb -rdynamic 
CMakeFiles/cmTC_8c4eb.dir/CheckSymbolExists.c.o: In function `main':
CheckSymbolExists.c:(.text+0x1b): undefined reference to `pthread_create'
collect2: error: ld returned 1 exit status
make[1]: *** [cmTC_8c4eb] Error 1
make[1]: Leaving directory `/mnt/sda1/yihongwei/DiffGT2PreForPose/cmake-build-debug/CMakeFiles/CMakeTmp'
make: *** [cmTC_8c4eb/fast] Error 2

File /mnt/sda1/yihongwei/DiffGT2PreForPose/cmake-build-debug/CMakeFiles/CMakeTmp/CheckSymbolExists.c:
/* */
#include <pthread.h>

int main(int argc, char** argv)
{
  (void)argv;
#ifndef pthread_create
  return ((int*)(&pthread_create))[argc];
#else
  (void)argc;
  return 0;
#endif
}

Determining if the function pthread_create exists in the pthreads failed with the following output:
Change Dir: /mnt/sda1/yihongwei/DiffGT2PreForPose/cmake-build-debug/CMakeFiles/CMakeTmp

Run Build Command:"/usr/bin/make" "cmTC_a75c5/fast"
/usr/bin/make -f CMakeFiles/cmTC_a75c5.dir/build.make CMakeFiles/cmTC_a75c5.dir/build
make[1]: Entering directory `/mnt/sda1/yihongwei/DiffGT2PreForPose/cmake-build-debug/CMakeFiles/CMakeTmp'
Building C object CMakeFiles/cmTC_a75c5.dir/CheckFunctionExists.c.o
/usr/bin/cc    -fPIC -DCHECK_FUNCTION_EXISTS=pthread_create   -o CMakeFiles/cmTC_a75c5.dir/CheckFunctionExists.c.o   -c /mnt/sda1/yhw_workspace/clion-2016.3.3/bin/cmake/share/cmake-3.6/Modules/CheckFunctionExists.c
Linking C executable cmTC_a75c5
/mnt/sda1/yhw_workspace/clion-2016.3.3/bin/cmake/bin/cmake -E cmake_link_script CMakeFiles/cmTC_a75c5.dir/link.txt --verbose=1
/usr/bin/cc  -fPIC -DCHECK_FUNCTION_EXISTS=pthread_create    CMakeFiles/cmTC_a75c5.dir/CheckFunctionExists.c.o  -o cmTC_a75c5 -rdynamic -lpthreads 
/usr/bin/ld: cannot find -lpthreads
collect2: error: ld returned 1 exit status
make[1]: *** [cmTC_a75c5] Error 1
make[1]: Leaving directory `/mnt/sda1/yihongwei/DiffGT2PreForPose/cmake-build-debug/CMakeFiles/CMakeTmp'
make: *** [cmTC_a75c5/fast] Error 2


