Determining if the pthread_create exist failed with the following output:
Change Dir: /mnt/sda1/yihongwei/DiffGT2PreForPose/build/CMakeFiles/CMakeTmp

Run Build Command:"/usr/bin/make" "cmTC_d2547/fast"
/usr/bin/make -f CMakeFiles/cmTC_d2547.dir/build.make CMakeFiles/cmTC_d2547.dir/build
make[1]: Entering directory `/mnt/sda1/yihongwei/DiffGT2PreForPose/build/CMakeFiles/CMakeTmp'
Building C object CMakeFiles/cmTC_d2547.dir/CheckSymbolExists.c.o
/usr/bin/cc    -fPIC    -o CMakeFiles/cmTC_d2547.dir/CheckSymbolExists.c.o   -c /mnt/sda1/yihongwei/DiffGT2PreForPose/build/CMakeFiles/CMakeTmp/CheckSymbolExists.c
Linking C executable cmTC_d2547
/usr/bin/cmake -E cmake_link_script CMakeFiles/cmTC_d2547.dir/link.txt --verbose=1
/usr/bin/cc  -fPIC     CMakeFiles/cmTC_d2547.dir/CheckSymbolExists.c.o  -o cmTC_d2547 -rdynamic 
CMakeFiles/cmTC_d2547.dir/CheckSymbolExists.c.o: In function `main':
CheckSymbolExists.c:(.text+0x1b): undefined reference to `pthread_create'
collect2: error: ld returned 1 exit status
make[1]: *** [cmTC_d2547] Error 1
make[1]: Leaving directory `/mnt/sda1/yihongwei/DiffGT2PreForPose/build/CMakeFiles/CMakeTmp'
make: *** [cmTC_d2547/fast] Error 2

File /mnt/sda1/yihongwei/DiffGT2PreForPose/build/CMakeFiles/CMakeTmp/CheckSymbolExists.c:
/* */
#include <pthread.h>

int main(int argc, char** argv)
{
  (void)argv;
#ifndef pthread_create
  return ((int*)(&pthread_create))[argc];
#else
  (void)argc;
  return 0;
#endif
}

Determining if the function pthread_create exists in the pthreads failed with the following output:
Change Dir: /mnt/sda1/yihongwei/DiffGT2PreForPose/build/CMakeFiles/CMakeTmp

Run Build Command:"/usr/bin/make" "cmTC_c8bcd/fast"
/usr/bin/make -f CMakeFiles/cmTC_c8bcd.dir/build.make CMakeFiles/cmTC_c8bcd.dir/build
make[1]: Entering directory `/mnt/sda1/yihongwei/DiffGT2PreForPose/build/CMakeFiles/CMakeTmp'
Building C object CMakeFiles/cmTC_c8bcd.dir/CheckFunctionExists.c.o
/usr/bin/cc    -fPIC -DCHECK_FUNCTION_EXISTS=pthread_create   -o CMakeFiles/cmTC_c8bcd.dir/CheckFunctionExists.c.o   -c /usr/share/cmake-3.4/Modules/CheckFunctionExists.c
Linking C executable cmTC_c8bcd
/usr/bin/cmake -E cmake_link_script CMakeFiles/cmTC_c8bcd.dir/link.txt --verbose=1
/usr/bin/cc  -fPIC -DCHECK_FUNCTION_EXISTS=pthread_create    CMakeFiles/cmTC_c8bcd.dir/CheckFunctionExists.c.o  -o cmTC_c8bcd -rdynamic -lpthreads 
/usr/bin/ld: cannot find -lpthreads
collect2: error: ld returned 1 exit status
make[1]: *** [cmTC_c8bcd] Error 1
make[1]: Leaving directory `/mnt/sda1/yihongwei/DiffGT2PreForPose/build/CMakeFiles/CMakeTmp'
make: *** [cmTC_c8bcd/fast] Error 2


